# JRE version: OpenJDK Runtime Environment Temurin-17.0.15+6 (17.0.15+6) (build 17.0.15+6)
# Java VM: OpenJDK 64-Bit Server VM Temurin-17.0.15+6 (17.0.15+6, mixed mode, sharing, tiered, compressed oops, compressed class ptrs, g1 gc, windows-amd64)
GC Precious Log:
 CPUs: 8 total, 8 available
 Memory: 8070M
 Large Page Support: Disabled
 NUMA Support: Disabled
 Compressed Oops: Enabled (32-bit)
 Heap Region Size: 1M
 Heap Min Capacity: 8M
 Heap Initial Capacity: 128M
 Heap Max Capacity: 2G
 Pre-touch: Disabled
 Parallel Workers: 8
 Concurrent Workers: 2
 Concurrent Refinement Workers: 8
 Periodic GC: Disabled
Heap:
 garbage-first heap   total 102400K, used 73783K [0x0000000080000000, 0x0000000100000000)
  region size 1024K, 2 young (2048K), 2 survivors (2048K)
 Metaspace       used 71757K, committed 72768K, reserved 491520K
  class space    used 10310K, committed 10752K, reserved 425984K
GC Heap History (20 events):
Event: 22.843 GC heap after
{Heap after GC invocations=30 (full 0):
 garbage-first heap   total 96256K, used 55864K [0x0000000080000000, 0x0000000100000000)
  region size 1024K, 2 young (2048K), 2 survivors (2048K)
 Metaspace       used 62689K, committed 63488K, reserved 491520K
  class space    used 9030K, committed 9408K, reserved 425984K
}
Event: 22.922 GC heap before
{Heap before GC invocations=30 (full 0):
 garbage-first heap   total 96256K, used 57912K [0x0000000080000000, 0x0000000100000000)
  region size 1024K, 4 young (4096K), 2 survivors (2048K)
 Metaspace       used 62758K, committed 63616K, reserved 491520K
  class space    used 9040K, committed 9472K, reserved 425984K
}
Event: 22.927 GC heap after
{Heap after GC invocations=31 (full 0):
 garbage-first heap   total 96256K, used 55897K [0x0000000080000000, 0x0000000100000000)
  region size 1024K, 1 young (1024K), 1 survivors (1024K)
 Metaspace       used 62758K, committed 63616K, reserved 491520K
  class space    used 9040K, committed 9472K, reserved 425984K
}
Event: 23.906 GC heap before
{Heap before GC invocations=31 (full 0):
 garbage-first heap   total 96256K, used 78425K [0x0000000080000000, 0x0000000100000000)
  region size 1024K, 24 young (24576K), 1 survivors (1024K)
 Metaspace       used 64008K, committed 64832K, reserved 491520K
  class space    used 9203K, committed 9600K, reserved 425984K
}
Event: 23.913 GC heap after
{Heap after GC invocations=32 (full 0):
 garbage-first heap   total 96256K, used 59047K [0x0000000080000000, 0x0000000100000000)
  region size 1024K, 3 young (3072K), 3 survivors (3072K)
 Metaspace       used 64008K, committed 64832K, reserved 491520K
  class space    used 9203K, committed 9600K, reserved 425984K
}
Event: 25.204 GC heap before
{Heap before GC invocations=33 (full 0):
 garbage-first heap   total 102400K, used 79527K [0x0000000080000000, 0x0000000100000000)
  region size 1024K, 23 young (23552K), 3 survivors (3072K)
 Metaspace       used 65287K, committed 66176K, reserved 491520K
  class space    used 9362K, committed 9792K, reserved 425984K
}
Event: 25.212 GC heap after
{Heap after GC invocations=34 (full 0):
 garbage-first heap   total 102400K, used 60840K [0x0000000080000000, 0x0000000100000000)
  region size 1024K, 2 young (2048K), 2 survivors (2048K)
 Metaspace       used 65287K, committed 66176K, reserved 491520K
  class space    used 9362K, committed 9792K, reserved 425984K
}
Event: 25.340 GC heap before
{Heap before GC invocations=34 (full 0):
 garbage-first heap   total 102400K, used 63912K [0x0000000080000000, 0x0000000100000000)
  region size 1024K, 5 young (5120K), 2 survivors (2048K)
 Metaspace       used 65322K, committed 66176K, reserved 491520K
  class space    used 9362K, committed 9792K, reserved 425984K
}
Event: 25.346 GC heap after
{Heap after GC invocations=35 (full 0):
 garbage-first heap   total 102400K, used 61278K [0x0000000080000000, 0x0000000100000000)
  region size 1024K, 1 young (1024K), 1 survivors (1024K)
 Metaspace       used 65322K, committed 66176K, reserved 491520K
  class space    used 9362K, committed 9792K, reserved 425984K
}
Event: 26.570 GC heap before
{Heap before GC invocations=35 (full 0):
 garbage-first heap   total 102400K, used 83806K [0x0000000080000000, 0x0000000100000000)
  region size 1024K, 24 young (24576K), 1 survivors (1024K)
 Metaspace       used 66635K, committed 67520K, reserved 491520K
  class space    used 9558K, committed 9984K, reserved 425984K
}
Event: 26.578 GC heap after
{Heap after GC invocations=36 (full 0):
 garbage-first heap   total 102400K, used 63293K [0x0000000080000000, 0x0000000100000000)
  region size 1024K, 3 young (3072K), 3 survivors (3072K)
 Metaspace       used 66635K, committed 67520K, reserved 491520K
  class space    used 9558K, committed 9984K, reserved 425984K
}
Event: 31.252 GC heap before
{Heap before GC invocations=36 (full 0):
 garbage-first heap   total 102400K, used 84797K [0x0000000080000000, 0x0000000100000000)
  region size 1024K, 24 young (24576K), 3 survivors (3072K)
 Metaspace       used 68859K, committed 69760K, reserved 491520K
  class space    used 9944K, committed 10368K, reserved 425984K
}
Event: 31.263 GC heap after
{Heap after GC invocations=37 (full 0):
 garbage-first heap   total 102400K, used 64727K [0x0000000080000000, 0x0000000100000000)
  region size 1024K, 2 young (2048K), 2 survivors (2048K)
 Metaspace       used 68859K, committed 69760K, reserved 491520K
  class space    used 9944K, committed 10368K, reserved 425984K
}
Event: 33.040 GC heap before
{Heap before GC invocations=37 (full 0):
 garbage-first heap   total 102400K, used 84183K [0x0000000080000000, 0x0000000100000000)
  region size 1024K, 22 young (22528K), 2 survivors (2048K)
 Metaspace       used 69953K, committed 70912K, reserved 491520K
  class space    used 10122K, committed 10560K, reserved 425984K
}
Event: 33.048 GC heap after
{Heap after GC invocations=38 (full 0):
 garbage-first heap   total 102400K, used 66616K [0x0000000080000000, 0x0000000100000000)
  region size 1024K, 3 young (3072K), 3 survivors (3072K)
 Metaspace       used 69953K, committed 70912K, reserved 491520K
  class space    used 10122K, committed 10560K, reserved 425984K
}
Event: 33.846 GC heap before
{Heap before GC invocations=38 (full 0):
 garbage-first heap   total 102400K, used 84024K [0x0000000080000000, 0x0000000100000000)
  region size 1024K, 21 young (21504K), 3 survivors (3072K)
 Metaspace       used 70581K, committed 71552K, reserved 491520K
  class space    used 10201K, committed 10624K, reserved 425984K
}
Event: 33.863 GC heap after
{Heap after GC invocations=39 (full 0):
 garbage-first heap   total 102400K, used 69394K [0x0000000080000000, 0x0000000100000000)
  region size 1024K, 3 young (3072K), 3 survivors (3072K)
 Metaspace       used 70581K, committed 71552K, reserved 491520K
  class space    used 10201K, committed 10624K, reserved 425984K
}
Event: 35.385 GC heap before
{Heap before GC invocations=39 (full 0):
 garbage-first heap   total 102400K, used 84754K [0x0000000080000000, 0x0000000100000000)
  region size 1024K, 19 young (19456K), 3 survivors (3072K)
 Metaspace       used 71424K, committed 72384K, reserved 491520K
  class space    used 10307K, committed 10752K, reserved 425984K
}
Event: 35.403 GC heap after
{Heap after GC invocations=40 (full 0):
 garbage-first heap   total 102400K, used 72106K [0x0000000080000000, 0x0000000100000000)
  region size 1024K, 3 young (3072K), 3 survivors (3072K)
 Metaspace       used 71424K, committed 72384K, reserved 491520K
  class space    used 10307K, committed 10752K, reserved 425984K
}
Event: 37.983 GC heap before
{Heap before GC invocations=40 (full 0):
 garbage-first heap   total 102400K, used 85418K [0x0000000080000000, 0x0000000100000000)
  region size 1024K, 16 young (16384K), 3 survivors (3072K)
 Metaspace       used 71757K, committed 72768K, reserved 491520K
  class space    used 10310K, committed 10752K, reserved 425984K
}

