# JRE version: OpenJDK Runtime Environment Temurin-17.0.15+6 (17.0.15+6) (build 17.0.15+6)
# Java VM: OpenJDK 64-Bit Server VM Temurin-17.0.15+6 (17.0.15+6, mixed mode, sharing, tiered, compressed oops, compressed class ptrs, g1 gc, windows-amd64)
GC Precious Log:
 CPUs: 8 total, 8 available
 Memory: 8070M
 Large Page Support: Disabled
 NUMA Support: Disabled
 Compressed Oops: Enabled (32-bit)
 Heap Region Size: 1M
 Heap Min Capacity: 8M
 Heap Initial Capacity: 128M
 Heap Max Capacity: 2G
 Pre-touch: Disabled
 Parallel Workers: 8
 Concurrent Workers: 2
 Concurrent Refinement Workers: 8
 Periodic GC: Disabled
Heap:
 garbage-first heap   total 337920K, used 288845K [0x0000000080000000, 0x0000000100000000)
  region size 1024K, 27 young (27648K), 5 survivors (5120K)
 Metaspace       used 128660K, committed 130176K, reserved 557056K
  class space    used 17467K, committed 18240K, reserved 425984K
GC Heap History (20 events):
Event: 92.360 GC heap before
{Heap before GC invocations=74 (full 0):
 garbage-first heap   total 337920K, used 296960K [0x0000000080000000, 0x0000000100000000)
  region size 1024K, 44 young (45056K), 7 survivors (7168K)
 Metaspace       used 122010K, committed 123520K, reserved 557056K
  class space    used 16804K, committed 17536K, reserved 425984K
}
Event: 92.393 GC heap after
{Heap after GC invocations=75 (full 0):
 garbage-first heap   total 337920K, used 249577K [0x0000000080000000, 0x0000000100000000)
  region size 1024K, 6 young (6144K), 6 survivors (6144K)
 Metaspace       used 122010K, committed 123520K, reserved 557056K
  class space    used 16804K, committed 17536K, reserved 425984K
}
Event: 93.635 GC heap before
{Heap before GC invocations=75 (full 0):
 garbage-first heap   total 337920K, used 282345K [0x0000000080000000, 0x0000000100000000)
  region size 1024K, 39 young (39936K), 6 survivors (6144K)
 Metaspace       used 123322K, committed 124864K, reserved 557056K
  class space    used 16899K, committed 17664K, reserved 425984K
}
Event: 93.647 GC heap after
{Heap after GC invocations=76 (full 0):
 garbage-first heap   total 337920K, used 255146K [0x0000000080000000, 0x0000000100000000)
  region size 1024K, 5 young (5120K), 5 survivors (5120K)
 Metaspace       used 123322K, committed 124864K, reserved 557056K
  class space    used 16899K, committed 17664K, reserved 425984K
}
Event: 95.132 GC heap before
{Heap before GC invocations=76 (full 0):
 garbage-first heap   total 337920K, used 284842K [0x0000000080000000, 0x0000000100000000)
  region size 1024K, 35 young (35840K), 5 survivors (5120K)
 Metaspace       used 125461K, committed 126976K, reserved 557056K
  class space    used 17114K, committed 17856K, reserved 425984K
}
Event: 95.140 GC heap after
{Heap after GC invocations=77 (full 0):
 garbage-first heap   total 337920K, used 259226K [0x0000000080000000, 0x0000000100000000)
  region size 1024K, 4 young (4096K), 4 survivors (4096K)
 Metaspace       used 125461K, committed 126976K, reserved 557056K
  class space    used 17114K, committed 17856K, reserved 425984K
}
Event: 96.152 GC heap before
{Heap before GC invocations=77 (full 0):
 garbage-first heap   total 337920K, used 287898K [0x0000000080000000, 0x0000000100000000)
  region size 1024K, 32 young (32768K), 4 survivors (4096K)
 Metaspace       used 125862K, committed 127424K, reserved 557056K
  class space    used 17148K, committed 17920K, reserved 425984K
}
Event: 96.161 GC heap after
{Heap after GC invocations=78 (full 0):
 garbage-first heap   total 337920K, used 259207K [0x0000000080000000, 0x0000000100000000)
  region size 1024K, 2 young (2048K), 2 survivors (2048K)
 Metaspace       used 125862K, committed 127424K, reserved 557056K
  class space    used 17148K, committed 17920K, reserved 425984K
}
Event: 96.744 GC heap before
{Heap before GC invocations=78 (full 0):
 garbage-first heap   total 337920K, used 288903K [0x0000000080000000, 0x0000000100000000)
  region size 1024K, 32 young (32768K), 2 survivors (2048K)
 Metaspace       used 125874K, committed 127424K, reserved 557056K
  class space    used 17148K, committed 17920K, reserved 425984K
}
Event: 96.747 GC heap after
{Heap after GC invocations=79 (full 0):
 garbage-first heap   total 337920K, used 258859K [0x0000000080000000, 0x0000000100000000)
  region size 1024K, 1 young (1024K), 1 survivors (1024K)
 Metaspace       used 125874K, committed 127424K, reserved 557056K
  class space    used 17148K, committed 17920K, reserved 425984K
}
Event: 97.795 GC heap before
{Heap before GC invocations=79 (full 0):
 garbage-first heap   total 337920K, used 291627K [0x0000000080000000, 0x0000000100000000)
  region size 1024K, 34 young (34816K), 1 survivors (1024K)
 Metaspace       used 126873K, committed 128384K, reserved 557056K
  class space    used 17245K, committed 17984K, reserved 425984K
}
Event: 97.798 GC heap after
{Heap after GC invocations=80 (full 0):
 garbage-first heap   total 337920K, used 258676K [0x0000000080000000, 0x0000000100000000)
  region size 1024K, 1 young (1024K), 1 survivors (1024K)
 Metaspace       used 126873K, committed 128384K, reserved 557056K
  class space    used 17245K, committed 17984K, reserved 425984K
}
Event: 99.218 GC heap before
{Heap before GC invocations=80 (full 0):
 garbage-first heap   total 337920K, used 292468K [0x0000000080000000, 0x0000000100000000)
  region size 1024K, 35 young (35840K), 1 survivors (1024K)
 Metaspace       used 127170K, committed 128704K, reserved 557056K
  class space    used 17283K, committed 18048K, reserved 425984K
}
Event: 99.223 GC heap after
{Heap after GC invocations=81 (full 0):
 garbage-first heap   total 337920K, used 260541K [0x0000000080000000, 0x0000000100000000)
  region size 1024K, 3 young (3072K), 3 survivors (3072K)
 Metaspace       used 127170K, committed 128704K, reserved 557056K
  class space    used 17283K, committed 18048K, reserved 425984K
}
Event: 101.592 GC heap before
{Heap before GC invocations=81 (full 0):
 garbage-first heap   total 337920K, used 293309K [0x0000000080000000, 0x0000000100000000)
  region size 1024K, 36 young (36864K), 3 survivors (3072K)
 Metaspace       used 127236K, committed 128768K, reserved 557056K
  class space    used 17290K, committed 18048K, reserved 425984K
}
Event: 101.600 GC heap after
{Heap after GC invocations=82 (full 0):
 garbage-first heap   total 337920K, used 262801K [0x0000000080000000, 0x0000000100000000)
  region size 1024K, 5 young (5120K), 5 survivors (5120K)
 Metaspace       used 127236K, committed 128768K, reserved 557056K
  class space    used 17290K, committed 18048K, reserved 425984K
}
Event: 103.268 GC heap before
{Heap before GC invocations=82 (full 0):
 garbage-first heap   total 337920K, used 293521K [0x0000000080000000, 0x0000000100000000)
  region size 1024K, 36 young (36864K), 5 survivors (5120K)
 Metaspace       used 128006K, committed 129536K, reserved 557056K
  class space    used 17396K, committed 18176K, reserved 425984K
}
Event: 103.275 GC heap after
{Heap after GC invocations=83 (full 0):
 garbage-first heap   total 337920K, used 264606K [0x0000000080000000, 0x0000000100000000)
  region size 1024K, 4 young (4096K), 4 survivors (4096K)
 Metaspace       used 128006K, committed 129536K, reserved 557056K
  class space    used 17396K, committed 18176K, reserved 425984K
}
Event: 104.343 GC heap before
{Heap before GC invocations=83 (full 0):
 garbage-first heap   total 337920K, used 293278K [0x0000000080000000, 0x0000000100000000)
  region size 1024K, 33 young (33792K), 4 survivors (4096K)
 Metaspace       used 128371K, committed 129856K, reserved 557056K
  class space    used 17432K, committed 18176K, reserved 425984K
}
Event: 104.351 GC heap after
{Heap after GC invocations=84 (full 0):
 garbage-first heap   total 337920K, used 268365K [0x0000000080000000, 0x0000000100000000)
  region size 1024K, 5 young (5120K), 5 survivors (5120K)
 Metaspace       used 128371K, committed 129856K, reserved 557056K
  class space    used 17432K, committed 18176K, reserved 425984K
}

